\BOOKMARK [0][-]{chapter*.1}{\376\377\000A\000c\000k\000n\000o\000w\000l\000e\000d\000g\000e\000m\000e\000n\000t\000s}{}% 1
\BOOKMARK [0][-]{chapter*.2}{\376\377\000A\000b\000s\000t\000r\000a\000c\000t}{}% 2
\BOOKMARK [0][-]{chapter.1}{\376\377\000I\000n\000t\000r\000o\000d\000u\000c\000t\000i\000o\000n}{}% 3
\BOOKMARK [1][-]{section.1.1}{\376\377\000R\000e\000s\000e\000a\000r\000c\000h\000\040\000Q\000u\000e\000s\000t\000i\000o\000n}{chapter.1}% 4
\BOOKMARK [0][-]{chapter.2}{\376\377\000T\000h\000e\000o\000r\000y}{}% 5
\BOOKMARK [1][-]{section.2.1}{\376\377\000S\000p\000a\000r\000s\000e\000\040\000M\000a\000t\000r\000i\000x\000-\000V\000e\000c\000t\000o\000r\000\040\000M\000u\000l\000t\000i\000p\000l\000i\000c\000a\000t\000i\000o\000n}{chapter.2}% 6
\BOOKMARK [1][-]{section.2.2}{\376\377\000D\000e\000f\000i\000n\000i\000t\000i\000o\000n\000s}{chapter.2}% 7
\BOOKMARK [1][-]{section.2.3}{\376\377\000A\000m\000d\000a\000h\000l\000'\000s\000\040\000L\000a\000w}{chapter.2}% 8
\BOOKMARK [1][-]{section.2.4}{\376\377\000L\000a\000t\000e\000n\000c\000y}{chapter.2}% 9
\BOOKMARK [0][-]{chapter.3}{\376\377\000B\000a\000c\000k\000g\000r\000o\000u\000n\000d}{}% 10
\BOOKMARK [1][-]{section.3.1}{\376\377\000C\000S\000R\000\040\000S\000t\000o\000r\000a\000g\000e\000\040\000F\000o\000r\000m\000a\000t}{chapter.3}% 11
\BOOKMARK [2][-]{subsection.3.1.1}{\376\377\000C\000o\000m\000p\000u\000t\000a\000t\000i\000o\000n\000a\000l\000\040\000I\000n\000t\000e\000n\000s\000i\000t\000y}{section.3.1}% 12
\BOOKMARK [1][-]{section.3.2}{\376\377\000O\000t\000h\000e\000r\000\040\000s\000t\000o\000r\000a\000g\000e\000\040\000f\000o\000r\000m\000a\000t\000s}{chapter.3}% 13
\BOOKMARK [2][-]{subsection.3.2.1}{\376\377\000C\000O\000O\000\040\000F\000o\000r\000m\000a\000t}{section.3.2}% 14
\BOOKMARK [2][-]{subsection.3.2.2}{\376\377\000C\000S\000C\000\040\000F\000o\000r\000m\000a\000t}{section.3.2}% 15
\BOOKMARK [2][-]{subsection.3.2.3}{\376\377\000E\000L\000L\000P\000a\000c\000k\000\040\000F\000o\000r\000m\000a\000t}{section.3.2}% 16
\BOOKMARK [1][-]{section.3.3}{\376\377\000S\000e\000q\000u\000e\000n\000t\000i\000a\000l\000\040\000S\000p\000M\000V}{chapter.3}% 17
\BOOKMARK [1][-]{section.3.4}{\376\377\000S\000h\000a\000r\000e\000d\000\040\000M\000e\000m\000o\000r\000y\000\040\000S\000p\000M\000V}{chapter.3}% 18
\BOOKMARK [2][-]{subsection.3.4.1}{\376\377\000S\000c\000h\000e\000d\000u\000l\000i\000n\000g\000\040\000o\000p\000t\000i\000o\000n\000s}{section.3.4}% 19
\BOOKMARK [2][-]{subsection.3.4.2}{\376\377\000D\000y\000n\000a\000m\000i\000c\000\040\000s\000c\000h\000e\000d\000u\000l\000i\000n\000g}{section.3.4}% 20
\BOOKMARK [2][-]{subsection.3.4.3}{\376\377\000F\000i\000r\000s\000t\000\040\000t\000o\000u\000c\000h\000\040\000p\000o\000l\000i\000c\000y}{section.3.4}% 21
\BOOKMARK [2][-]{subsection.3.4.4}{\376\377\000P\000e\000r\000f\000o\000r\000m\000a\000n\000c\000e\000\040\000i\000m\000p\000a\000c\000t\000\040\000o\000f\000\040\000f\000i\000r\000s\000t\000\040\000t\000o\000u\000c\000h\000\040\000p\000o\000l\000i\000c\000y}{section.3.4}% 22
\BOOKMARK [1][-]{section.3.5}{\376\377\000D\000i\000s\000t\000r\000i\000b\000u\000t\000e\000d\000\040\000M\000e\000m\000o\000r\000y\000\040\000S\000p\000M\000V}{chapter.3}% 23
\BOOKMARK [2][-]{subsection.3.5.1}{\376\377\000L\000o\000a\000d\000\040\000B\000a\000l\000a\000n\000c\000i\000n\000g}{section.3.5}% 24
\BOOKMARK [0][-]{chapter.4}{\376\377\000C\000o\000m\000m\000u\000n\000i\000c\000a\000t\000i\000o\000n\000\040\000S\000t\000r\000a\000t\000e\000g\000i\000e\000s}{}% 25
\BOOKMARK [1][-]{section.4.1}{\376\377\000E\000x\000c\000h\000a\000n\000g\000e\000\040\000e\000n\000t\000i\000r\000e\000\040\000v\000e\000c\000t\000o\000r}{chapter.4}% 26
\BOOKMARK [1][-]{section.4.2}{\376\377\000E\000x\000c\000h\000a\000n\000g\000e\000\040\000o\000n\000l\000y\000\040\000s\000e\000p\000a\000r\000a\000t\000o\000r\000s}{chapter.4}% 27
\BOOKMARK [2][-]{subsection.4.2.1}{\376\377\000R\000e\000o\000r\000d\000e\000r\000i\000n\000g}{section.4.2}% 28
\BOOKMARK [1][-]{section.4.3}{\376\377\000E\000x\000c\000h\000a\000n\000g\000e\000\040\000o\000n\000l\000y\000\040\000r\000e\000q\000u\000i\000r\000e\000d\000\040\000s\000e\000p\000a\000r\000a\000t\000o\000r\000s}{chapter.4}% 29
\BOOKMARK [1][-]{section.4.4}{\376\377\000E\000x\000c\000h\000a\000n\000g\000e\000\040\000o\000n\000l\000y\000\040\000r\000e\000q\000u\000i\000r\000e\000d\000\040\000s\000e\000p\000a\000r\000a\000t\000o\000r\000\040\000v\000a\000l\000u\000e\000s}{chapter.4}% 30
\BOOKMARK [1][-]{section.4.5}{\376\377\0002\000d\000\040\000-\000\040\000F\000u\000l\000l\000y\000\040\000s\000c\000a\000l\000a\000b\000l\000e\000\040\000c\000o\000m\000m\000u\000n\000i\000c\000a\000t\000i\000o\000n}{chapter.4}% 31
\BOOKMARK [0][-]{chapter.5}{\376\377\000R\000e\000s\000u\000l\000t\000s}{}% 32
\BOOKMARK [0][-]{chapter.6}{\376\377\000P\000r\000e\000v\000i\000o\000u\000s\000\040\000W\000o\000r\000k}{}% 33
